<?xml version="1.0" encoding="UTF-8"?>
<!-- Generated by org.testng.reporters.JUnitXMLReporter -->
<testsuite ignored="0" hostname="QQSPLEKLTP0107" failures="0" tests="4" name="Surefire test" time="3.784" errors="0" timestamp="2023-05-18T17:21:25 IST">
  <testcase classname="org.example.RestAssuredAPITest" name="GetBookDetails" time="1.789"/>
  <testcase classname="org.example.RestAssuredAPITest" name="GetBooksDetails" time="0.669"/>
  <testcase classname="org.example.RestAssuredAPITest" name="GetPetDetails" time="0.659"/>
  <testcase classname="org.example.RestAssuredAPITest" name="GetWeatherDetailsCondensed" time="0.628"/>
</testsuite> <!-- Surefire test -->
